2.1793 	WARNING 	We strongly recommend you activate the PTB sound engine in PsychoPy prefs as the preferred audio engine. Its timing is vastly superior. Your prefs are currently set to use ['sounddevice', 'PTB', 'pyo', 'pygame'] (in that order).
14.1372 	WARNING 	User requested fullscreen with size [1024  768], but screen is actually [1920, 1080]. Using actual size
17.2712 	EXP 	Created window1 = Window(allowGUI=False, allowStencil=False, args=UNKNOWN, autoLog=True, bitsMode=UNKNOWN, blendMode='avg', bpc=(8, 8, 8), color=array([0., 0., 0.]), colorSpace='rgb', depthBits=8, fullscr=<method-wrapper '__getattribute__' of attributeSetter object at 0x000001CA845E4A58>, gamma=None, gammaErrorPolicy='raise', kwargs=UNKNOWN, lms=UNKNOWN, monitor=<psychopy.monitors.calibTools.Monitor object at 0x000001CA849B7A90>, multiSample=False, name='window1', numSamples=2, pos=[0.0, 0.0], screen=0, size=array([1920, 1080]), stencilBits=0, stereo=False, units='height', useFBO=True, useRetina=False, viewOri=0.0, viewPos=None, viewScale=None, waitBlanking=True, winType='pyglet')
17.2719 	EXP 	window1: mouseVisible = True
17.2719 	EXP 	window1: recordFrameIntervals = False
17.4366 	EXP 	window1: recordFrameIntervals = True
17.6201 	EXP 	window1: recordFrameIntervals = False
18.1271 	EXP 	Created instrText = TextStim(__class__=<class 'psychopy.visual.text.TextStim'>, alignHoriz=method-wrapper(...), alignText='center', alignVert=method-wrapper(...), anchorHoriz='center', anchorVert='center', antialias=True, autoLog=True, bold=False, color='white', colorSpace='named', contrast=1.0, depth=0.0, flipHoriz=False, flipVert=False, font='Arial', fontFiles=[], height=0.03, italic=False, languageStyle='LTR', name='instrText', opacity=1.0, ori=0, pos=array([0., 0.]), rgb=array([255., 255., 255.]), text=str(...), units='height', win=Window(...), wrapWidth=1)
18.5305 	EXP 	Created map = ImageStim(__class__=<class 'psychopy.visual.image.ImageStim'>, autoLog=True, color=array([1., 1., 1.]), colorSpace='rgb', contrast=1.0, depth=0.0, flipHoriz=False, flipVert=False, image='image/RMT_test_map.jpg', interpolate=True, mask=None, maskParams=None, name='map', opacity=1.0, ori=0.0, pos=array([0., 0.]), size=array([0.75, 0.75]), texRes=128, units='height', win=Window(...))
18.5553 	EXP 	Created text = TextStim(__class__=<class 'psychopy.visual.text.TextStim'>, alignHoriz=method-wrapper(...), alignText='center', alignVert=method-wrapper(...), anchorHoriz='center', anchorVert='center', antialias=True, autoLog=True, bold=False, color='white', colorSpace='named', contrast=1.0, depth=0.0, flipHoriz=False, flipVert=False, font='Arial', fontFiles=[], height=0.1, italic=False, languageStyle='LTR', name='text', opacity=1.0, ori=0, pos=array([0., 0.]), rgb=array([255., 255., 255.]), text='Finished', units='height', win=Window(...), wrapWidth=1)
18.5934 	EXP 	instrText: autoDraw = True
19.8524 	EXP 	Imported road map conditions.xlsx as conditions, 1 conditions, 2 params
19.8528 	EXP 	Created sequence: sequential, trialTypes=1, nReps=1, seed=None
19.8532 	EXP 	New trial (rep=0, index=0): OrderedDict([('corrAns', 's'), ('directNote', 's = left')])
20.1204 	DATA 	Keypress: s
20.1303 	EXP 	instrText: autoDraw = False
20.1303 	EXP 	map: autoDraw = True
20.7329 	DATA 	Keypress: s
20.7364 	EXP 	map: autoDraw = False
20.7364 	EXP 	text: autoDraw = True
21.2054 	DATA 	Keypress: s
21.2166 	EXP 	text: autoDraw = False
21.5131 	EXP 	window1: mouseVisible = True
