1.6981 	WARNING 	We strongly recommend you activate the PTB sound engine in PsychoPy prefs as the preferred audio engine. Its timing is vastly superior. Your prefs are currently set to use ['sounddevice', 'PTB', 'pyo', 'pygame'] (in that order).
11.6351 	WARNING 	User requested fullscreen with size [1024  768], but screen is actually [1920, 1080]. Using actual size
14.2187 	EXP 	Created window1 = Window(allowGUI=False, allowStencil=False, args=UNKNOWN, autoLog=True, bitsMode=UNKNOWN, blendMode='avg', bpc=(8, 8, 8), color=array([0., 0., 0.]), colorSpace='rgb', depthBits=8, fullscr=<method-wrapper '__getattribute__' of attributeSetter object at 0x00000293A3634A58>, gamma=None, gammaErrorPolicy='raise', kwargs=UNKNOWN, lms=UNKNOWN, monitor=<psychopy.monitors.calibTools.Monitor object at 0x00000293A3A07A90>, multiSample=False, name='window1', numSamples=2, pos=[0.0, 0.0], screen=0, size=array([1920, 1080]), stencilBits=0, stereo=False, units='height', useFBO=True, useRetina=False, viewOri=0.0, viewPos=None, viewScale=None, waitBlanking=True, winType='pyglet')
14.2194 	EXP 	window1: mouseVisible = True
14.2195 	EXP 	window1: recordFrameIntervals = False
14.3834 	EXP 	window1: recordFrameIntervals = True
14.5673 	EXP 	window1: recordFrameIntervals = False
15.0175 	EXP 	Created instrText = TextStim(__class__=<class 'psychopy.visual.text.TextStim'>, alignHoriz=method-wrapper(...), alignText='center', alignVert=method-wrapper(...), anchorHoriz='center', anchorVert='center', antialias=True, autoLog=True, bold=False, color='white', colorSpace='named', contrast=1.0, depth=0.0, flipHoriz=False, flipVert=False, font='Arial', fontFiles=[], height=0.03, italic=False, languageStyle='LTR', name='instrText', opacity=1.0, ori=0, pos=array([0., 0.]), rgb=array([255., 255., 255.]), text=str(...), units='height', win=Window(...), wrapWidth=1)
15.4416 	EXP 	Created map = ImageStim(__class__=<class 'psychopy.visual.image.ImageStim'>, autoLog=True, color=array([1., 1., 1.]), colorSpace='rgb', contrast=1.0, depth=0.0, flipHoriz=False, flipVert=False, image='image/RMT_test_map.jpg', interpolate=True, mask=None, maskParams=None, name='map', opacity=1.0, ori=0.0, pos=array([0., 0.]), size=array([0.75, 0.75]), texRes=128, units='height', win=Window(...))
15.4666 	EXP 	Created text = TextStim(__class__=<class 'psychopy.visual.text.TextStim'>, alignHoriz=method-wrapper(...), alignText='center', alignVert=method-wrapper(...), anchorHoriz='center', anchorVert='center', antialias=True, autoLog=True, bold=False, color='white', colorSpace='named', contrast=1.0, depth=0.0, flipHoriz=False, flipVert=False, font='Arial', fontFiles=[], height=0.1, italic=False, languageStyle='LTR', name='text', opacity=1.0, ori=0, pos=array([0., 0.]), rgb=array([255., 255., 255.]), text='Finished', units='height', win=Window(...), wrapWidth=1)
15.5058 	EXP 	instrText: autoDraw = True
24.9450 	EXP 	Imported road map conditions.xlsx as conditions, 1 conditions, 2 params
24.9454 	EXP 	Created sequence: sequential, trialTypes=1, nReps=32, seed=None
24.9461 	EXP 	New trial (rep=0, index=0): OrderedDict([('corrAns', 's'), ('directNote', 's = left')])
25.2040 	DATA 	Keypress: s
25.2131 	EXP 	instrText: autoDraw = False
25.2131 	EXP 	map: autoDraw = True
26.8231 	EXP 	map: autoDraw = False
34.8786 	EXP 	New trial (rep=1, index=0): OrderedDict([('corrAns', 's'), ('directNote', 's = left')])
34.8831 	DATA 	Keypress: s
34.8886 	EXP 	map: autoDraw = False
34.8886 	EXP 	map: autoDraw = True
36.4918 	EXP 	New trial (rep=2, index=0): OrderedDict([('corrAns', 's'), ('directNote', 's = left')])
36.4994 	DATA 	Keypress: s
36.5069 	EXP 	map: autoDraw = False
36.5069 	EXP 	map: autoDraw = False
36.5069 	EXP 	map: autoDraw = True
36.9930 	EXP 	New trial (rep=3, index=0): OrderedDict([('corrAns', 's'), ('directNote', 's = left')])
36.9978 	DATA 	Keypress: s
37.0060 	EXP 	map: autoDraw = False
37.0060 	EXP 	map: autoDraw = True
37.1592 	DATA 	Keypress: s
37.1750 	EXP 	New trial (rep=4, index=0): OrderedDict([('corrAns', 's'), ('directNote', 's = left')])
37.1834 	EXP 	map: autoDraw = False
37.1834 	EXP 	map: autoDraw = True
37.3581 	EXP 	New trial (rep=5, index=0): OrderedDict([('corrAns', 's'), ('directNote', 's = left')])
37.3617 	DATA 	Keypress: s
37.3682 	EXP 	map: autoDraw = False
37.3682 	EXP 	map: autoDraw = True
38.6716 	DATA 	Keypress: escape
39.2209 	EXP 	window1: mouseVisible = True
