1.8194 	WARNING 	We strongly recommend you activate the PTB sound engine in PsychoPy prefs as the preferred audio engine. Its timing is vastly superior. Your prefs are currently set to use ['sounddevice', 'PTB', 'pyo', 'pygame'] (in that order).
14.8593 	WARNING 	User requested fullscreen with size [1024  768], but screen is actually [1920, 1080]. Using actual size
22.7383 	EXP 	Created window1 = Window(allowGUI=False, allowStencil=False, args=UNKNOWN, autoLog=True, bitsMode=UNKNOWN, blendMode='avg', bpc=(8, 8, 8), color=array([0., 0., 0.]), colorSpace='rgb', depthBits=8, fullscr=<method-wrapper '__getattribute__' of attributeSetter object at 0x000002AE8DB25A58>, gamma=None, gammaErrorPolicy='raise', kwargs=UNKNOWN, lms=UNKNOWN, monitor=<psychopy.monitors.calibTools.Monitor object at 0x000002AE8DAF6A90>, multiSample=False, name='window1', numSamples=2, pos=[0.0, 0.0], screen=0, size=array([1920, 1080]), stencilBits=0, stereo=False, units='height', useFBO=True, useRetina=False, viewOri=0.0, viewPos=None, viewScale=None, waitBlanking=True, winType='pyglet')
22.7388 	EXP 	window1: mouseVisible = True
22.7389 	EXP 	window1: recordFrameIntervals = False
22.9024 	EXP 	window1: recordFrameIntervals = True
23.0872 	EXP 	window1: recordFrameIntervals = False
23.8564 	EXP 	Created instrText = TextStim(__class__=<class 'psychopy.visual.text.TextStim'>, alignHoriz=method-wrapper(...), alignText='center', alignVert=method-wrapper(...), anchorHoriz='center', anchorVert='center', antialias=True, autoLog=True, bold=False, color='white', colorSpace='named', contrast=1.0, depth=0.0, flipHoriz=False, flipVert=False, font='Arial', fontFiles=[], height=0.03, italic=False, languageStyle='LTR', name='instrText', opacity=1.0, ori=0, pos=array([0., 0.]), rgb=array([255., 255., 255.]), text=str(...), units='height', win=Window(...), wrapWidth=1)
24.3061 	EXP 	Created map = ImageStim(__class__=<class 'psychopy.visual.image.ImageStim'>, autoLog=True, color=array([1., 1., 1.]), colorSpace='rgb', contrast=1.0, depth=-1.0, flipHoriz=False, flipVert=False, image='image/RMT_test_map.jpg', interpolate=True, mask=None, maskParams=None, name='map', opacity=1.0, ori=0.0, pos=array([0., 0.]), size=array([0.75, 0.75]), texRes=128, units='height', win=Window(...))
24.3258 	EXP 	Created text = TextStim(__class__=<class 'psychopy.visual.text.TextStim'>, alignHoriz=method-wrapper(...), alignText='center', alignVert=method-wrapper(...), anchorHoriz='center', anchorVert='center', antialias=True, autoLog=True, bold=False, color='white', colorSpace='named', contrast=1.0, depth=0.0, flipHoriz=False, flipVert=False, font='Arial', fontFiles=[], height=0.1, italic=False, languageStyle='LTR', name='text', opacity=1.0, ori=0, pos=array([0., 0.]), rgb=array([255., 255., 255.]), text='Finished', units='height', win=Window(...), wrapWidth=1)
24.3732 	EXP 	instrText: autoDraw = True
69.1921 	EXP 	Imported road map conditions.xlsx as conditions, 32 conditions, 2 params
69.1937 	EXP 	Created sequence: sequential, trialTypes=32, nReps=32, seed=None
69.1957 	EXP 	New trial (rep=0, index=0): OrderedDict([('corrAns', 's'), ('directNote', 's = left')])
69.5812 	EXP 	instrText: autoDraw = False
69.5812 	EXP 	map: autoDraw = True
71.5919 	EXP 	map: autoDraw = False
76.9447 	EXP 	New trial (rep=0, index=1): OrderedDict([('corrAns', 's'), ('directNote', 'k = right')])
76.9577 	EXP 	map: autoDraw = False
76.9577 	EXP 	map: autoDraw = True
78.9886 	EXP 	map: autoDraw = False
82.5218 	EXP 	New trial (rep=0, index=2): OrderedDict([('corrAns', 'k'), ('directNote', None)])
82.5367 	EXP 	map: autoDraw = False
82.5367 	EXP 	map: autoDraw = True
84.5634 	EXP 	map: autoDraw = False
104.9544 	EXP 	window1: mouseVisible = True
