1.8592 	WARNING 	We strongly recommend you activate the PTB sound engine in PsychoPy prefs as the preferred audio engine. Its timing is vastly superior. Your prefs are currently set to use ['sounddevice', 'PTB', 'pyo', 'pygame'] (in that order).
11.9328 	WARNING 	User requested fullscreen with size [1024  768], but screen is actually [1920, 1080]. Using actual size
15.4476 	EXP 	Created window1 = Window(allowGUI=False, allowStencil=False, args=UNKNOWN, autoLog=True, bitsMode=UNKNOWN, blendMode='avg', bpc=(8, 8, 8), color=array([0., 0., 0.]), colorSpace='rgb', depthBits=8, fullscr=<method-wrapper '__getattribute__' of attributeSetter object at 0x000001A6F75E5A58>, gamma=None, gammaErrorPolicy='raise', kwargs=UNKNOWN, lms=UNKNOWN, monitor=<psychopy.monitors.calibTools.Monitor object at 0x000001A6F79F6A90>, multiSample=False, name='window1', numSamples=2, pos=[0.0, 0.0], screen=0, size=array([1920, 1080]), stencilBits=0, stereo=False, units='height', useFBO=True, useRetina=False, viewOri=0.0, viewPos=None, viewScale=None, waitBlanking=True, winType='pyglet')
15.4484 	EXP 	window1: mouseVisible = True
15.4485 	EXP 	window1: recordFrameIntervals = False
15.6125 	EXP 	window1: recordFrameIntervals = True
15.7965 	EXP 	window1: recordFrameIntervals = False
16.2209 	EXP 	Created instrText = TextStim(__class__=<class 'psychopy.visual.text.TextStim'>, alignHoriz=method-wrapper(...), alignText='center', alignVert=method-wrapper(...), anchorHoriz='center', anchorVert='center', antialias=True, autoLog=True, bold=False, color='white', colorSpace='named', contrast=1.0, depth=0.0, flipHoriz=False, flipVert=False, font='Arial', fontFiles=[], height=0.03, italic=False, languageStyle='LTR', name='instrText', opacity=1.0, ori=0, pos=array([0., 0.]), rgb=array([255., 255., 255.]), text=str(...), units='height', win=Window(...), wrapWidth=1)
16.6391 	EXP 	Created map = ImageStim(__class__=<class 'psychopy.visual.image.ImageStim'>, autoLog=True, color=array([1., 1., 1.]), colorSpace='rgb', contrast=1.0, depth=0.0, flipHoriz=False, flipVert=False, image='image/RMT_test_map.jpg', interpolate=True, mask=None, maskParams=None, name='map', opacity=1.0, ori=0.0, pos=array([0., 0.]), size=array([0.75, 0.75]), texRes=128, units='height', win=Window(...))
16.6654 	EXP 	Created text = TextStim(__class__=<class 'psychopy.visual.text.TextStim'>, alignHoriz=method-wrapper(...), alignText='center', alignVert=method-wrapper(...), anchorHoriz='center', anchorVert='center', antialias=True, autoLog=True, bold=False, color='white', colorSpace='named', contrast=1.0, depth=0.0, flipHoriz=False, flipVert=False, font='Arial', fontFiles=[], height=0.1, italic=False, languageStyle='LTR', name='text', opacity=1.0, ori=0, pos=array([0., 0.]), rgb=array([255., 255., 255.]), text='Finished', units='height', win=Window(...), wrapWidth=1)
16.7071 	EXP 	instrText: autoDraw = True
17.9173 	DATA 	Keypress: k
18.0321 	EXP 	Imported road map conditions.xlsx as conditions, 1 conditions, 2 params
18.0326 	EXP 	Created sequence: sequential, trialTypes=1, nReps=32, seed=None
18.0333 	EXP 	New trial (rep=0, index=0): OrderedDict([('corrAns', 's'), ('directNote', 's = left')])
18.3707 	EXP 	instrText: autoDraw = False
18.3707 	EXP 	map: autoDraw = True
19.6541 	EXP 	New trial (rep=1, index=0): OrderedDict([('corrAns', 's'), ('directNote', 's = left')])
19.6575 	DATA 	Keypress: k
19.6632 	EXP 	map: autoDraw = False
19.6632 	EXP 	map: autoDraw = True
19.9371 	EXP 	New trial (rep=2, index=0): OrderedDict([('corrAns', 's'), ('directNote', 's = left')])
19.9409 	DATA 	Keypress: k
19.9466 	EXP 	map: autoDraw = False
19.9466 	EXP 	map: autoDraw = True
20.2536 	EXP 	New trial (rep=3, index=0): OrderedDict([('corrAns', 's'), ('directNote', 's = left')])
20.2573 	DATA 	Keypress: k
20.2629 	EXP 	map: autoDraw = False
20.2629 	EXP 	map: autoDraw = True
20.5670 	DATA 	Keypress: k
20.5859 	EXP 	New trial (rep=4, index=0): OrderedDict([('corrAns', 's'), ('directNote', 's = left')])
20.5941 	EXP 	map: autoDraw = False
20.5941 	EXP 	map: autoDraw = True
20.8837 	EXP 	New trial (rep=5, index=0): OrderedDict([('corrAns', 's'), ('directNote', 's = left')])
20.8869 	DATA 	Keypress: k
20.8931 	EXP 	map: autoDraw = False
20.8931 	EXP 	map: autoDraw = True
21.2185 	EXP 	New trial (rep=6, index=0): OrderedDict([('corrAns', 's'), ('directNote', 's = left')])
21.2251 	DATA 	Keypress: k
21.2313 	EXP 	map: autoDraw = False
21.2313 	EXP 	map: autoDraw = True
21.5521 	EXP 	New trial (rep=7, index=0): OrderedDict([('corrAns', 's'), ('directNote', 's = left')])
21.5560 	DATA 	Keypress: k
21.5619 	EXP 	map: autoDraw = False
21.5619 	EXP 	map: autoDraw = True
21.8477 	DATA 	Keypress: k
22.2019 	EXP 	New trial (rep=8, index=0): OrderedDict([('corrAns', 's'), ('directNote', 's = left')])
22.2061 	DATA 	Keypress: k
22.2118 	EXP 	map: autoDraw = False
22.2118 	EXP 	map: autoDraw = True
22.5186 	EXP 	New trial (rep=9, index=0): OrderedDict([('corrAns', 's'), ('directNote', 's = left')])
22.5230 	DATA 	Keypress: k
22.5292 	EXP 	map: autoDraw = False
22.5292 	EXP 	map: autoDraw = True
22.8676 	EXP 	New trial (rep=10, index=0): OrderedDict([('corrAns', 's'), ('directNote', 's = left')])
22.8700 	DATA 	Keypress: k
22.8748 	EXP 	map: autoDraw = False
22.8748 	EXP 	map: autoDraw = True
23.1659 	EXP 	New trial (rep=11, index=0): OrderedDict([('corrAns', 's'), ('directNote', 's = left')])
23.1682 	DATA 	Keypress: k
23.1746 	EXP 	map: autoDraw = False
23.1746 	EXP 	map: autoDraw = True
23.5172 	EXP 	New trial (rep=12, index=0): OrderedDict([('corrAns', 's'), ('directNote', 's = left')])
23.5212 	DATA 	Keypress: k
23.5268 	EXP 	map: autoDraw = False
23.5268 	EXP 	map: autoDraw = True
23.8671 	EXP 	New trial (rep=13, index=0): OrderedDict([('corrAns', 's'), ('directNote', 's = left')])
23.8707 	DATA 	Keypress: k
23.8763 	EXP 	map: autoDraw = False
23.8763 	EXP 	map: autoDraw = True
24.1966 	DATA 	Keypress: k
24.2162 	EXP 	New trial (rep=14, index=0): OrderedDict([('corrAns', 's'), ('directNote', 's = left')])
24.2251 	EXP 	map: autoDraw = False
24.2251 	EXP 	map: autoDraw = True
24.5333 	EXP 	New trial (rep=15, index=0): OrderedDict([('corrAns', 's'), ('directNote', 's = left')])
24.5373 	DATA 	Keypress: k
24.5428 	EXP 	map: autoDraw = False
24.5428 	EXP 	map: autoDraw = True
24.8846 	EXP 	New trial (rep=16, index=0): OrderedDict([('corrAns', 's'), ('directNote', 's = left')])
24.8893 	DATA 	Keypress: k
24.8949 	EXP 	map: autoDraw = False
24.8949 	EXP 	map: autoDraw = True
25.2009 	EXP 	New trial (rep=17, index=0): OrderedDict([('corrAns', 's'), ('directNote', 's = left')])
25.2052 	DATA 	Keypress: k
25.2110 	EXP 	map: autoDraw = False
25.2110 	EXP 	map: autoDraw = True
25.5313 	EXP 	New trial (rep=18, index=0): OrderedDict([('corrAns', 's'), ('directNote', 's = left')])
25.5351 	DATA 	Keypress: k
25.5409 	EXP 	map: autoDraw = False
25.5409 	EXP 	map: autoDraw = True
25.8838 	EXP 	New trial (rep=19, index=0): OrderedDict([('corrAns', 's'), ('directNote', 's = left')])
25.8885 	DATA 	Keypress: k
25.8940 	EXP 	map: autoDraw = False
25.8940 	EXP 	map: autoDraw = True
26.1969 	EXP 	New trial (rep=20, index=0): OrderedDict([('corrAns', 's'), ('directNote', 's = left')])
26.2008 	DATA 	Keypress: k
26.2066 	EXP 	map: autoDraw = False
26.2066 	EXP 	map: autoDraw = True
26.4979 	EXP 	New trial (rep=21, index=0): OrderedDict([('corrAns', 's'), ('directNote', 's = left')])
26.5032 	DATA 	Keypress: k
26.5122 	EXP 	map: autoDraw = False
26.5122 	EXP 	map: autoDraw = True
26.8149 	EXP 	New trial (rep=22, index=0): OrderedDict([('corrAns', 's'), ('directNote', 's = left')])
26.8192 	DATA 	Keypress: k
26.8249 	EXP 	map: autoDraw = False
26.8249 	EXP 	map: autoDraw = True
27.1157 	EXP 	New trial (rep=23, index=0): OrderedDict([('corrAns', 's'), ('directNote', 's = left')])
27.1193 	DATA 	Keypress: k
27.1250 	EXP 	map: autoDraw = False
27.1250 	EXP 	map: autoDraw = True
27.4470 	EXP 	New trial (rep=24, index=0): OrderedDict([('corrAns', 's'), ('directNote', 's = left')])
27.4508 	DATA 	Keypress: k
27.4566 	EXP 	map: autoDraw = False
27.4566 	EXP 	map: autoDraw = True
27.7474 	EXP 	New trial (rep=25, index=0): OrderedDict([('corrAns', 's'), ('directNote', 's = left')])
27.7520 	DATA 	Keypress: k
27.7570 	EXP 	map: autoDraw = False
27.7570 	EXP 	map: autoDraw = True
28.0588 	DATA 	Keypress: k
28.0817 	EXP 	New trial (rep=26, index=0): OrderedDict([('corrAns', 's'), ('directNote', 's = left')])
28.0905 	EXP 	map: autoDraw = False
28.0905 	EXP 	map: autoDraw = True
28.3876 	DATA 	Keypress: k
28.4144 	EXP 	New trial (rep=27, index=0): OrderedDict([('corrAns', 's'), ('directNote', 's = left')])
28.4239 	EXP 	map: autoDraw = False
28.4239 	EXP 	map: autoDraw = True
28.6959 	EXP 	New trial (rep=28, index=0): OrderedDict([('corrAns', 's'), ('directNote', 's = left')])
28.7004 	DATA 	Keypress: k
28.7060 	EXP 	map: autoDraw = False
28.7060 	EXP 	map: autoDraw = True
28.9460 	EXP 	New trial (rep=29, index=0): OrderedDict([('corrAns', 's'), ('directNote', 's = left')])
28.9508 	DATA 	Keypress: k
28.9570 	EXP 	map: autoDraw = False
28.9570 	EXP 	map: autoDraw = True
29.2399 	DATA 	Keypress: k
29.2606 	EXP 	New trial (rep=30, index=0): OrderedDict([('corrAns', 's'), ('directNote', 's = left')])
29.2695 	EXP 	map: autoDraw = False
29.2695 	EXP 	map: autoDraw = True
29.5447 	EXP 	New trial (rep=31, index=0): OrderedDict([('corrAns', 's'), ('directNote', 's = left')])
29.5493 	DATA 	Keypress: k
29.5551 	EXP 	map: autoDraw = False
29.5551 	EXP 	map: autoDraw = True
30.0996 	DATA 	Keypress: k
30.1033 	EXP 	map: autoDraw = False
30.1033 	EXP 	text: autoDraw = True
34.5691 	DATA 	Keypress: escape
34.5798 	EXP 	text: autoDraw = False
35.0225 	EXP 	window1: mouseVisible = True
