1.5298 	WARNING 	We strongly recommend you activate the PTB sound engine in PsychoPy prefs as the preferred audio engine. Its timing is vastly superior. Your prefs are currently set to use ['sounddevice', 'PTB', 'pyo', 'pygame'] (in that order).
10.4019 	WARNING 	User requested fullscreen with size [1024  768], but screen is actually [1920, 1080]. Using actual size
13.1454 	EXP 	Created window1 = Window(allowGUI=False, allowStencil=False, args=UNKNOWN, autoLog=True, bitsMode=UNKNOWN, blendMode='avg', bpc=(8, 8, 8), color=array([0., 0., 0.]), colorSpace='rgb', depthBits=8, fullscr=<method-wrapper '__getattribute__' of attributeSetter object at 0x0000020547C8DD68>, gamma=None, gammaErrorPolicy='raise', kwargs=UNKNOWN, lms=UNKNOWN, monitor=<psychopy.monitors.calibTools.Monitor object at 0x0000020547C2BDA0>, multiSample=False, name='window1', numSamples=2, pos=[0.0, 0.0], screen=0, size=array([1920, 1080]), stencilBits=0, stereo=False, units='height', useFBO=True, useRetina=False, viewOri=0.0, viewPos=None, viewScale=None, waitBlanking=True, winType='pyglet')
13.1460 	EXP 	window1: mouseVisible = True
13.1461 	EXP 	window1: recordFrameIntervals = False
13.3107 	EXP 	window1: recordFrameIntervals = True
13.4941 	EXP 	window1: recordFrameIntervals = False
13.8521 	EXP 	Created instructions = TextStim(__class__=<class 'psychopy.visual.text.TextStim'>, alignHoriz=method-wrapper(...), alignText='center', alignVert=method-wrapper(...), anchorHoriz='center', anchorVert='center', antialias=True, autoLog=True, bold=False, color='white', colorSpace='named', contrast=1.0, depth=0.0, flipHoriz=False, flipVert=False, font='Arial', fontFiles=[], height=0.03, italic=False, languageStyle='LTR', name='instructions', opacity=1.0, ori=0, pos=array([0., 0.]), rgb=array([255., 255., 255.]), text=str(...), units='height', win=Window(...), wrapWidth=1)
14.2165 	EXP 	Created image = ImageStim(__class__=<class 'psychopy.visual.image.ImageStim'>, autoLog=True, color=array([1., 1., 1.]), colorSpace='rgb', contrast=1.0, depth=0.0, flipHoriz=False, flipVert=False, image='image/RMT_demo_map.jpg', interpolate=True, mask=None, maskParams=None, name='image', opacity=1.0, ori=0.0, pos=array([0., 0.]), size=array([0.75, 0.75]), texRes=128, units='height', win=Window(...))
14.2532 	EXP 	Created instrText = TextStim(__class__=<class 'psychopy.visual.text.TextStim'>, alignHoriz=method-wrapper(...), alignText='center', alignVert=method-wrapper(...), anchorHoriz='center', anchorVert='center', antialias=True, autoLog=True, bold=False, color='white', colorSpace='named', contrast=1.0, depth=0.0, flipHoriz=False, flipVert=False, font='Arial', fontFiles=[], height=0.03, italic=False, languageStyle='LTR', name='instrText', opacity=1.0, ori=0, pos=array([0., 0.]), rgb=array([255., 255., 255.]), text=str(...), units='height', win=Window(...), wrapWidth=1)
14.6886 	EXP 	Created map = ImageStim(__class__=<class 'psychopy.visual.image.ImageStim'>, autoLog=True, color=array([1., 1., 1.]), colorSpace='rgb', contrast=1.0, depth=0.0, flipHoriz=False, flipVert=False, image='image/InkedRMT_test_map.jpg', interpolate=True, mask=None, maskParams=None, name='map', opacity=1.0, ori=0.0, pos=array([0., 0.]), size=array([0.75, 0.75]), texRes=128, units='height', win=Window(...))
14.7172 	EXP 	Created text = TextStim(__class__=<class 'psychopy.visual.text.TextStim'>, alignHoriz=method-wrapper(...), alignText='center', alignVert=method-wrapper(...), anchorHoriz='center', anchorVert='center', antialias=True, autoLog=True, bold=False, color='white', colorSpace='named', contrast=1.0, depth=0.0, flipHoriz=False, flipVert=False, font='Arial', fontFiles=[], height=0.1, italic=False, languageStyle='LTR', name='text', opacity=1.0, ori=0, pos=array([0., 0.]), rgb=array([255., 255., 255.]), text='Finished', units='height', win=Window(...), wrapWidth=1)
14.7541 	EXP 	instructions: autoDraw = True
26.4637 	EXP 	Imported road map demo conditions.xlsx as conditions, 1 conditions, 2 params
26.4643 	EXP 	Created sequence: sequential, trialTypes=1, nReps=3, seed=None
26.4649 	EXP 	New trial (rep=0, index=0): OrderedDict([('corrAns', 's'), ('directionNote', 'left')])
26.5901 	DATA 	Keypress: k
26.6017 	EXP 	instructions: autoDraw = False
26.6017 	EXP 	image: autoDraw = True
27.8905 	EXP 	New trial (rep=1, index=0): OrderedDict([('corrAns', 's'), ('directionNote', 'left')])
27.8945 	DATA 	Keypress: s
27.9010 	EXP 	image: autoDraw = False
27.9010 	EXP 	image: autoDraw = True
28.7722 	EXP 	New trial (rep=2, index=0): OrderedDict([('corrAns', 's'), ('directionNote', 'left')])
28.7769 	DATA 	Keypress: k
28.7834 	EXP 	image: autoDraw = False
28.7834 	EXP 	image: autoDraw = True
29.4600 	DATA 	Keypress: k
29.4667 	EXP 	image: autoDraw = False
29.4667 	EXP 	instrText: autoDraw = True
54.8137 	EXP 	Imported road map conditions.xlsx as conditions, 1 conditions, 2 params
54.8142 	EXP 	Created sequence: sequential, trialTypes=1, nReps=1, seed=None
54.8148 	EXP 	New trial (rep=0, index=0): OrderedDict([('corrAns', 's'), ('directNote', 's = left')])
55.0152 	DATA 	Keypress: k
55.0244 	EXP 	instrText: autoDraw = False
55.0244 	EXP 	map: autoDraw = True
57.2996 	DATA 	Keypress: escape
57.8994 	EXP 	window1: mouseVisible = True
