2.9766 	WARNING 	We strongly recommend you activate the PTB sound engine in PsychoPy prefs as the preferred audio engine. Its timing is vastly superior. Your prefs are currently set to use ['sounddevice', 'PTB', 'pyo', 'pygame'] (in that order).
15.1560 	WARNING 	User requested fullscreen with size [1024  768], but screen is actually [1920, 1080]. Using actual size
17.7537 	EXP 	Created window1 = Window(allowGUI=False, allowStencil=False, args=UNKNOWN, autoLog=True, bitsMode=UNKNOWN, blendMode='avg', bpc=(8, 8, 8), color=array([0., 0., 0.]), colorSpace='rgb', depthBits=8, fullscr=<method-wrapper '__getattribute__' of attributeSetter object at 0x000001C0BA074978>, gamma=None, gammaErrorPolicy='raise', kwargs=UNKNOWN, lms=UNKNOWN, monitor=<psychopy.monitors.calibTools.Monitor object at 0x000001C0BA4899B0>, multiSample=False, name='window1', numSamples=2, pos=[0.0, 0.0], screen=0, size=array([1920, 1080]), stencilBits=0, stereo=False, units='height', useFBO=True, useRetina=False, viewOri=0.0, viewPos=None, viewScale=None, waitBlanking=True, winType='pyglet')
17.7545 	EXP 	window1: mouseVisible = True
17.7546 	EXP 	window1: recordFrameIntervals = False
17.9188 	EXP 	window1: recordFrameIntervals = True
18.1021 	EXP 	window1: recordFrameIntervals = False
18.7354 	EXP 	Created instrText = TextStim(__class__=<class 'psychopy.visual.text.TextStim'>, alignHoriz=method-wrapper(...), alignText='center', alignVert=method-wrapper(...), anchorHoriz='center', anchorVert='center', antialias=True, autoLog=True, bold=False, color='white', colorSpace='named', contrast=1.0, depth=0.0, flipHoriz=False, flipVert=False, font='Arial', fontFiles=[], height=0.05, italic=False, languageStyle='LTR', name='instrText', opacity=1.0, ori=0, pos=array([0., 0.]), rgb=array([255., 255., 255.]), text=str(...), units='height', win=Window(...), wrapWidth=1)
19.3179 	EXP 	Created map = ImageStim(__class__=<class 'psychopy.visual.image.ImageStim'>, autoLog=True, color=array([1., 1., 1.]), colorSpace='rgb', contrast=1.0, depth=-1.0, flipHoriz=False, flipVert=False, image='image/RMT_test_map.jpg', interpolate=True, mask=None, maskParams=None, name='map', opacity=1.0, ori=0.0, pos=array([0., 0.]), size=array([0.75, 0.75]), texRes=128, units='height', win=Window(...))
19.3909 	EXP 	Created text = TextStim(__class__=<class 'psychopy.visual.text.TextStim'>, alignHoriz=method-wrapper(...), alignText='center', alignVert=method-wrapper(...), anchorHoriz='center', anchorVert='center', antialias=True, autoLog=True, bold=False, color='white', colorSpace='named', contrast=1.0, depth=0.0, flipHoriz=False, flipVert=False, font='Arial', fontFiles=[], height=0.1, italic=False, languageStyle='LTR', name='text', opacity=1.0, ori=0, pos=array([0., 0.]), rgb=array([255., 255., 255.]), text='Finished', units='height', win=Window(...), wrapWidth=1)
19.4530 	EXP 	instrText: autoDraw = True
22.7825 	EXP 	Imported road map conditions.xlsx as conditions, 32 conditions, 2 params
22.7832 	EXP 	Created sequence: sequential, trialTypes=32, nReps=1, seed=None
22.7838 	EXP 	New trial (rep=0, index=0): OrderedDict([('corrAns', 's'), ('directNote', 's = left')])
23.1182 	DATA 	Keypress: right
23.1265 	EXP 	instrText: autoDraw = False
23.1265 	EXP 	map: autoDraw = True
25.8264 	DATA 	Keypress: right
26.0069 	DATA 	Keypress: left
26.3401 	DATA 	Keypress: left
26.4414 	DATA 	Keypress: right
26.5870 	DATA 	Keypress: left
26.6878 	DATA 	Keypress: right
26.7886 	DATA 	Keypress: left
26.8738 	DATA 	Keypress: right
26.9523 	DATA 	Keypress: left
27.0351 	DATA 	Keypress: right
27.1204 	DATA 	Keypress: left
27.2508 	DATA 	Keypress: right
27.4383 	DATA 	Keypress: right
27.5523 	DATA 	Keypress: left
27.7531 	DATA 	Keypress: left
27.8376 	DATA 	Keypress: right
27.8695 	DATA 	Keypress: left
27.9853 	DATA 	Keypress: right
28.0017 	DATA 	Keypress: left
28.1350 	DATA 	Keypress: left
28.2523 	DATA 	Keypress: right
28.3513 	DATA 	Keypress: left
28.4179 	DATA 	Keypress: right
28.5033 	DATA 	Keypress: left
28.6184 	DATA 	Keypress: right
28.6857 	DATA 	Keypress: left
28.7695 	DATA 	Keypress: right
28.8185 	DATA 	Keypress: left
28.9570 	DATA 	Keypress: right
28.9835 	DATA 	Keypress: left
29.1508 	DATA 	Keypress: left
29.2509 	DATA 	Keypress: right
29.3511 	DATA 	Keypress: left
29.4500 	DATA 	Keypress: right
29.5338 	DATA 	Keypress: left
29.6997 	DATA 	Keypress: left
29.8193 	DATA 	Keypress: right
30.0008 	DATA 	Keypress: left
30.0027 	DATA 	Keypress: right
30.1165 	DATA 	Keypress: left
30.2331 	DATA 	Keypress: right
30.3000 	DATA 	Keypress: left
30.3657 	DATA 	Keypress: right
30.4497 	DATA 	Keypress: left
30.5483 	DATA 	Keypress: right
30.6168 	DATA 	Keypress: left
30.7177 	DATA 	Keypress: right
30.7998 	DATA 	Keypress: left
30.8664 	DATA 	Keypress: right
30.9530 	DATA 	Keypress: left
31.0485 	DATA 	Keypress: right
31.1493 	DATA 	Keypress: left
31.2502 	DATA 	Keypress: right
31.3495 	DATA 	Keypress: left
31.4320 	DATA 	Keypress: right
31.5830 	DATA 	Keypress: left
31.7505 	DATA 	Keypress: right
31.8895 	DATA 	Keypress: left
31.9500 	DATA 	Keypress: right
32.0356 	DATA 	Keypress: left
32.1350 	DATA 	Keypress: right
32.2188 	DATA 	Keypress: left
32.3464 	DATA 	Keypress: right
32.4297 	DATA 	Keypress: left
32.5311 	DATA 	Keypress: right
32.6148 	DATA 	Keypress: left
32.7303 	DATA 	Keypress: right
32.8657 	DATA 	Keypress: right
32.9313 	DATA 	Keypress: left
33.1639 	DATA 	Keypress: right
33.2692 	DATA 	Keypress: left
33.3640 	DATA 	Keypress: right
33.4477 	DATA 	Keypress: left
33.5469 	DATA 	Keypress: right
33.6466 	DATA 	Keypress: left
33.7462 	DATA 	Keypress: right
33.7835 	DATA 	Keypress: left
42.6732 	EXP 	New trial (rep=0, index=1): OrderedDict([('corrAns', 's'), ('directNote', 'k = right')])
42.6829 	EXP 	map: autoDraw = False
42.6829 	EXP 	map: autoDraw = True
55.7805 	DATA 	Keypress: space
56.3436 	DATA 	Keypress: space
56.8666 	DATA 	Keypress: space
58.1598 	DATA 	Keypress: escape
58.7757 	EXP 	window1: mouseVisible = True
