2.2384 	WARNING 	We strongly recommend you activate the PTB sound engine in PsychoPy prefs as the preferred audio engine. Its timing is vastly superior. Your prefs are currently set to use ['sounddevice', 'PTB', 'pyo', 'pygame'] (in that order).
15.3551 	WARNING 	User requested fullscreen with size [1024  768], but screen is actually [1920, 1080]. Using actual size
17.6530 	EXP 	Created window1 = Window(allowGUI=False, allowStencil=False, args=UNKNOWN, autoLog=True, bitsMode=UNKNOWN, blendMode='avg', bpc=(8, 8, 8), color=array([0., 0., 0.]), colorSpace='rgb', depthBits=8, fullscr=<method-wrapper '__getattribute__' of attributeSetter object at 0x000001D116B049B0>, gamma=None, gammaErrorPolicy='raise', kwargs=UNKNOWN, lms=UNKNOWN, monitor=<psychopy.monitors.calibTools.Monitor object at 0x000001D116F199E8>, multiSample=False, name='window1', numSamples=2, pos=[0.0, 0.0], screen=0, size=array([1920, 1080]), stencilBits=0, stereo=False, units='height', useFBO=True, useRetina=False, viewOri=0.0, viewPos=None, viewScale=None, waitBlanking=True, winType='pyglet')
17.6537 	EXP 	window1: mouseVisible = True
17.6538 	EXP 	window1: recordFrameIntervals = False
17.8180 	EXP 	window1: recordFrameIntervals = True
18.0017 	EXP 	window1: recordFrameIntervals = False
18.4896 	EXP 	Created instrText = TextStim(__class__=<class 'psychopy.visual.text.TextStim'>, alignHoriz=method-wrapper(...), alignText='center', alignVert=method-wrapper(...), anchorHoriz='center', anchorVert='center', antialias=True, autoLog=True, bold=False, color='white', colorSpace='named', contrast=1.0, depth=0.0, flipHoriz=False, flipVert=False, font='Arial', fontFiles=[], height=0.03, italic=False, languageStyle='LTR', name='instrText', opacity=1.0, ori=0, pos=array([0., 0.]), rgb=array([255., 255., 255.]), text=str(...), units='height', win=Window(...), wrapWidth=1)
18.6273 	EXP 	Created map = ImageStim(__class__=<class 'psychopy.visual.image.ImageStim'>, autoLog=True, color=array([1., 1., 1.]), colorSpace='rgb', contrast=1.0, depth=-1.0, flipHoriz=False, flipVert=False, image='image/RMT_test_map.jpg', interpolate=True, mask=None, maskParams=None, name='map', opacity=1.0, ori=0.0, pos=array([0., 0.]), size=array([0.75, 0.75]), texRes=128, units='height', win=Window(...))
18.6532 	EXP 	Created text = TextStim(__class__=<class 'psychopy.visual.text.TextStim'>, alignHoriz=method-wrapper(...), alignText='center', alignVert=method-wrapper(...), anchorHoriz='center', anchorVert='center', antialias=True, autoLog=True, bold=False, color='white', colorSpace='named', contrast=1.0, depth=0.0, flipHoriz=False, flipVert=False, font='Arial', fontFiles=[], height=0.1, italic=False, languageStyle='LTR', name='text', opacity=1.0, ori=0, pos=array([0., 0.]), rgb=array([255., 255., 255.]), text='Finished', units='height', win=Window(...), wrapWidth=1)
18.6924 	EXP 	instrText: autoDraw = True
25.7342 	DATA 	Keypress: space
25.8478 	EXP 	Imported road map conditions.xlsx as conditions, 32 conditions, 2 params
25.8688 	EXP 	Created sequence: random, trialTypes=32, nReps=1, seed=None
25.8695 	EXP 	New trial (rep=0, index=0): OrderedDict([('corrAns', 's'), ('directNote', None)])
25.9331 	EXP 	instrText: autoDraw = False
25.9331 	EXP 	map: autoDraw = True
29.1831 	DATA 	Keypress: left
30.4316 	DATA 	Keypress: left
31.3642 	DATA 	Keypress: right
32.1814 	DATA 	Keypress: right
33.0131 	DATA 	Keypress: left
33.8313 	DATA 	Keypress: left
34.4468 	DATA 	Keypress: right
35.0942 	DATA 	Keypress: right
36.6771 	DATA 	Keypress: right
40.2571 	DATA 	Keypress: left
41.1077 	DATA 	Keypress: right
41.8726 	DATA 	Keypress: left
42.6720 	DATA 	Keypress: left
43.6541 	DATA 	Keypress: right
45.7683 	EXP 	New trial (rep=0, index=1): OrderedDict([('corrAns', 's'), ('directNote', None)])
45.7802 	EXP 	map: autoDraw = False
45.7802 	EXP 	map: autoDraw = True
47.6841 	DATA 	Keypress: right
48.3343 	DATA 	Keypress: left
49.9662 	DATA 	Keypress: left
52.8969 	DATA 	Keypress: right
57.1106 	DATA 	Keypress: right
58.0776 	DATA 	Keypress: left
58.9748 	DATA 	Keypress: left
60.1571 	DATA 	Keypress: left
61.2935 	DATA 	Keypress: right
63.5719 	DATA 	Keypress: right
65.5542 	DATA 	Keypress: left
65.7673 	EXP 	New trial (rep=0, index=2): OrderedDict([('corrAns', 'k'), ('directNote', None)])
65.7805 	EXP 	map: autoDraw = False
65.7805 	EXP 	map: autoDraw = True
68.9155 	DATA 	Keypress: left
69.7159 	DATA 	Keypress: left
71.0489 	DATA 	Keypress: right
72.5477 	DATA 	Keypress: right
77.7435 	DATA 	Keypress: left
78.9756 	DATA 	Keypress: left
82.9223 	DATA 	Keypress: right
85.7670 	EXP 	New trial (rep=0, index=3): OrderedDict([('corrAns', 'k'), ('directNote', None)])
85.7809 	EXP 	map: autoDraw = False
85.7809 	EXP 	map: autoDraw = True
105.7661 	EXP 	New trial (rep=0, index=4): OrderedDict([('corrAns', 'k'), ('directNote', None)])
105.7803 	EXP 	map: autoDraw = False
105.7803 	EXP 	map: autoDraw = True
125.7678 	EXP 	New trial (rep=0, index=5): OrderedDict([('corrAns', 'k'), ('directNote', None)])
125.7812 	EXP 	map: autoDraw = False
125.7812 	EXP 	map: autoDraw = True
140.5936 	EXP 	New trial (rep=0, index=6): OrderedDict([('corrAns', 'k'), ('directNote', None)])
140.5983 	DATA 	Keypress: s
140.6039 	EXP 	map: autoDraw = False
140.6039 	EXP 	map: autoDraw = True
141.6752 	EXP 	New trial (rep=0, index=7): OrderedDict([('corrAns', 's'), ('directNote', None)])
141.6790 	DATA 	Keypress: s
141.6849 	EXP 	map: autoDraw = False
141.6849 	EXP 	map: autoDraw = True
143.1559 	DATA 	Keypress: k
143.1735 	EXP 	New trial (rep=0, index=8): OrderedDict([('corrAns', 'k'), ('directNote', None)])
143.1828 	EXP 	map: autoDraw = False
143.1828 	EXP 	map: autoDraw = True
144.0229 	EXP 	New trial (rep=0, index=9): OrderedDict([('corrAns', 'k'), ('directNote', None)])
144.0269 	DATA 	Keypress: k
144.0328 	EXP 	map: autoDraw = False
144.0328 	EXP 	map: autoDraw = True
146.5705 	DATA 	Keypress: s
147.7870 	EXP 	New trial (rep=0, index=10): OrderedDict([('corrAns', 's'), ('directNote', None)])
147.7918 	DATA 	Keypress: s
147.7975 	EXP 	map: autoDraw = False
147.7975 	EXP 	map: autoDraw = True
148.5197 	EXP 	New trial (rep=0, index=11): OrderedDict([('corrAns', 's'), ('directNote', 's = left')])
148.5237 	DATA 	Keypress: k
148.5292 	EXP 	map: autoDraw = False
148.5292 	EXP 	map: autoDraw = True
149.6179 	EXP 	New trial (rep=0, index=12): OrderedDict([('corrAns', 's'), ('directNote', None)])
149.6239 	DATA 	Keypress: k
149.6296 	EXP 	map: autoDraw = False
149.6296 	EXP 	map: autoDraw = True
150.7665 	DATA 	Keypress: k
150.7837 	EXP 	New trial (rep=0, index=13): OrderedDict([('corrAns', 's'), ('directNote', None)])
150.7938 	EXP 	map: autoDraw = False
150.7938 	EXP 	map: autoDraw = True
153.1493 	EXP 	New trial (rep=0, index=14): OrderedDict([('corrAns', 's'), ('directNote', None)])
153.1533 	DATA 	Keypress: s
153.1588 	EXP 	map: autoDraw = False
153.1588 	EXP 	map: autoDraw = True
154.1155 	EXP 	New trial (rep=0, index=15): OrderedDict([('corrAns', 'k'), ('directNote', None)])
154.1198 	DATA 	Keypress: k
154.1246 	EXP 	map: autoDraw = False
154.1246 	EXP 	map: autoDraw = True
155.7966 	EXP 	New trial (rep=0, index=16): OrderedDict([('corrAns', 'k'), ('directNote', None)])
155.8009 	DATA 	Keypress: s
155.8069 	EXP 	map: autoDraw = False
155.8069 	EXP 	map: autoDraw = True
157.6612 	EXP 	New trial (rep=0, index=17): OrderedDict([('corrAns', 'k'), ('directNote', None)])
157.6652 	DATA 	Keypress: s
157.6716 	EXP 	map: autoDraw = False
157.6716 	EXP 	map: autoDraw = True
159.3959 	EXP 	New trial (rep=0, index=18): OrderedDict([('corrAns', 'k'), ('directNote', None)])
159.4011 	DATA 	Keypress: k
159.4076 	EXP 	map: autoDraw = False
159.4076 	EXP 	map: autoDraw = True
160.1108 	EXP 	New trial (rep=0, index=19): OrderedDict([('corrAns', 's'), ('directNote', None)])
160.1151 	DATA 	Keypress: k
160.1210 	EXP 	map: autoDraw = False
160.1210 	EXP 	map: autoDraw = True
160.8100 	EXP 	New trial (rep=0, index=20): OrderedDict([('corrAns', 's'), ('directNote', None)])
160.8144 	DATA 	Keypress: s
160.8202 	EXP 	map: autoDraw = False
160.8202 	EXP 	map: autoDraw = True
161.6250 	EXP 	New trial (rep=0, index=21): OrderedDict([('corrAns', 'k'), ('directNote', None)])
161.6298 	DATA 	Keypress: s
161.6360 	EXP 	map: autoDraw = False
161.6360 	EXP 	map: autoDraw = True
162.8748 	EXP 	New trial (rep=0, index=22): OrderedDict([('corrAns', 's'), ('directNote', None)])
162.8787 	DATA 	Keypress: k
162.8843 	EXP 	map: autoDraw = False
162.8843 	EXP 	map: autoDraw = True
169.6518 	EXP 	New trial (rep=0, index=23): OrderedDict([('corrAns', 'k'), ('directNote', None)])
169.6562 	DATA 	Keypress: k
169.6618 	EXP 	map: autoDraw = False
169.6618 	EXP 	map: autoDraw = True
171.1665 	EXP 	New trial (rep=0, index=24): OrderedDict([('corrAns', 's'), ('directNote', 'k = right')])
171.1700 	DATA 	Keypress: s
171.1771 	EXP 	map: autoDraw = False
171.1771 	EXP 	map: autoDraw = True
172.7813 	EXP 	New trial (rep=0, index=25): OrderedDict([('corrAns', 'k'), ('directNote', None)])
172.7836 	DATA 	Keypress: k
172.7925 	EXP 	map: autoDraw = False
172.7925 	EXP 	map: autoDraw = True
172.7994 	EXP 	New trial (rep=0, index=26): OrderedDict([('corrAns', 's'), ('directNote', None)])
172.8025 	DATA 	Keypress: s
172.8092 	EXP 	map: autoDraw = False
172.8092 	EXP 	map: autoDraw = True
172.9822 	EXP 	New trial (rep=0, index=27): OrderedDict([('corrAns', 'k'), ('directNote', None)])
172.9860 	DATA 	Keypress: k
172.9925 	EXP 	map: autoDraw = False
172.9925 	EXP 	map: autoDraw = True
173.0320 	EXP 	New trial (rep=0, index=28): OrderedDict([('corrAns', 's'), ('directNote', None)])
173.0355 	DATA 	Keypress: s
173.0424 	EXP 	map: autoDraw = False
173.0424 	EXP 	map: autoDraw = True
173.1490 	EXP 	New trial (rep=0, index=29): OrderedDict([('corrAns', 's'), ('directNote', None)])
173.1530 	DATA 	Keypress: k
173.1588 	EXP 	map: autoDraw = False
173.1588 	EXP 	map: autoDraw = True
173.1666 	DATA 	Keypress: s
173.2983 	DATA 	Keypress: k
173.3154 	EXP 	New trial (rep=0, index=30): OrderedDict([('corrAns', 'k'), ('directNote', None)])
173.3192 	DATA 	Keypress: s
173.3247 	EXP 	map: autoDraw = False
173.3247 	EXP 	map: autoDraw = True
173.4479 	DATA 	Keypress: k
173.4649 	EXP 	New trial (rep=0, index=31): OrderedDict([('corrAns', 's'), ('directNote', None)])
173.4689 	DATA 	Keypress: s
173.4753 	EXP 	map: autoDraw = False
173.4753 	EXP 	map: autoDraw = True
173.6382 	DATA 	Keypress: s
173.6404 	DATA 	Keypress: k
173.6438 	EXP 	map: autoDraw = False
173.6438 	EXP 	text: autoDraw = True
173.7792 	DATA 	Keypress: s
173.7810 	DATA 	Keypress: k
173.7896 	EXP 	text: autoDraw = False
174.0154 	EXP 	window1: mouseVisible = True
