2.9775 	WARNING 	We strongly recommend you activate the PTB sound engine in PsychoPy prefs as the preferred audio engine. Its timing is vastly superior. Your prefs are currently set to use ['sounddevice', 'PTB', 'pyo', 'pygame'] (in that order).
15.9837 	WARNING 	User requested fullscreen with size [1024  768], but screen is actually [1920, 1080]. Using actual size
18.9203 	EXP 	Created window1 = Window(allowGUI=False, allowStencil=False, args=UNKNOWN, autoLog=True, bitsMode=UNKNOWN, blendMode='avg', bpc=(8, 8, 8), color=array([0., 0., 0.]), colorSpace='rgb', depthBits=8, fullscr=<method-wrapper '__getattribute__' of attributeSetter object at 0x000001EACF82CDD8>, gamma=None, gammaErrorPolicy='raise', kwargs=UNKNOWN, lms=UNKNOWN, monitor=<psychopy.monitors.calibTools.Monitor object at 0x000001EACF70BE10>, multiSample=False, name='window1', numSamples=2, pos=[0.0, 0.0], screen=0, size=array([1920, 1080]), stencilBits=0, stereo=False, units='height', useFBO=True, useRetina=False, viewOri=0.0, viewPos=None, viewScale=None, waitBlanking=True, winType='pyglet')
18.9211 	EXP 	window1: mouseVisible = True
18.9212 	EXP 	window1: recordFrameIntervals = False
19.0851 	EXP 	window1: recordFrameIntervals = True
19.2691 	EXP 	window1: recordFrameIntervals = False
19.7191 	EXP 	Created instructions = TextStim(__class__=<class 'psychopy.visual.text.TextStim'>, alignHoriz=method-wrapper(...), alignText='center', alignVert=method-wrapper(...), anchorHoriz='center', anchorVert='center', antialias=True, autoLog=True, bold=False, color='white', colorSpace='named', contrast=1.0, depth=0.0, flipHoriz=False, flipVert=False, font='Arial', fontFiles=[], height=0.03, italic=False, languageStyle='LTR', name='instructions', opacity=1.0, ori=0, pos=array([0., 0.]), rgb=array([255., 255., 255.]), text=str(...), units='height', win=Window(...), wrapWidth=1)
20.1399 	EXP 	Created image = ImageStim(__class__=<class 'psychopy.visual.image.ImageStim'>, autoLog=True, color=array([1., 1., 1.]), colorSpace='rgb', contrast=1.0, depth=0.0, flipHoriz=False, flipVert=False, image='image/RMT_demo_map.jpg', interpolate=True, mask=None, maskParams=None, name='image', opacity=1.0, ori=0.0, pos=array([0., 0.]), size=array([0.75, 0.75]), texRes=128, units='height', win=Window(...))
20.1695 	EXP 	Created instrText = TextStim(__class__=<class 'psychopy.visual.text.TextStim'>, alignHoriz=method-wrapper(...), alignText='center', alignVert=method-wrapper(...), anchorHoriz='center', anchorVert='center', antialias=True, autoLog=True, bold=False, color='white', colorSpace='named', contrast=1.0, depth=0.0, flipHoriz=False, flipVert=False, font='Arial', fontFiles=[], height=0.03, italic=False, languageStyle='LTR', name='instrText', opacity=1.0, ori=0, pos=array([0., 0.]), rgb=array([255., 255., 255.]), text=str(...), units='height', win=Window(...), wrapWidth=1)
20.5989 	EXP 	Created map = ImageStim(__class__=<class 'psychopy.visual.image.ImageStim'>, autoLog=True, color=array([1., 1., 1.]), colorSpace='rgb', contrast=1.0, depth=0.0, flipHoriz=False, flipVert=False, image='image/InkedRMT_test_map.jpg', interpolate=True, mask=None, maskParams=None, name='map', opacity=1.0, ori=0.0, pos=array([0., 0.]), size=array([0.75, 0.75]), texRes=128, units='height', win=Window(...))
20.6276 	EXP 	Created text = TextStim(__class__=<class 'psychopy.visual.text.TextStim'>, alignHoriz=method-wrapper(...), alignText='center', alignVert=method-wrapper(...), anchorHoriz='center', anchorVert='center', antialias=True, autoLog=True, bold=False, color='white', colorSpace='named', contrast=1.0, depth=0.0, flipHoriz=False, flipVert=False, font='Arial', fontFiles=[], height=0.1, italic=False, languageStyle='LTR', name='text', opacity=1.0, ori=0, pos=array([0., 0.]), rgb=array([255., 255., 255.]), text='Finished', units='height', win=Window(...), wrapWidth=1)
20.6903 	EXP 	instructions: autoDraw = True
26.8040 	EXP 	Imported road map demo conditions.xlsx as conditions, 1 conditions, 2 params
26.8050 	EXP 	Created sequence: sequential, trialTypes=1, nReps=3, seed=None
26.8060 	EXP 	New trial (rep=0, index=0): OrderedDict([('corrAns', 's'), ('directionNote', 'left')])
27.1668 	DATA 	Keypress: s
27.1769 	EXP 	instructions: autoDraw = False
27.1769 	EXP 	image: autoDraw = True
28.7542 	EXP 	New trial (rep=1, index=0): OrderedDict([('corrAns', 's'), ('directionNote', 'left')])
28.7591 	DATA 	Keypress: s
28.7650 	EXP 	image: autoDraw = False
28.7650 	EXP 	image: autoDraw = True
29.8187 	EXP 	New trial (rep=2, index=0): OrderedDict([('corrAns', 's'), ('directionNote', 'left')])
29.8241 	DATA 	Keypress: k
29.8291 	EXP 	image: autoDraw = False
29.8291 	EXP 	image: autoDraw = True
30.4513 	DATA 	Keypress: k
30.4770 	EXP 	image: autoDraw = False
30.4770 	EXP 	instrText: autoDraw = True
35.1785 	DATA 	Keypress: k
35.2219 	EXP 	Imported road map conditions.xlsx as conditions, 1 conditions, 2 params
35.2228 	EXP 	Created sequence: sequential, trialTypes=1, nReps=1, seed=None
35.2237 	EXP 	New trial (rep=0, index=0): OrderedDict([('corrAns', 's'), ('directNote', 's = left')])
35.3308 	EXP 	instrText: autoDraw = False
35.3308 	EXP 	map: autoDraw = True
37.0789 	DATA 	Keypress: s
37.7448 	DATA 	Keypress: k
38.1977 	DATA 	Keypress: s
38.7111 	DATA 	Keypress: k
39.3418 	DATA 	Keypress: s
39.8104 	DATA 	Keypress: k
40.3760 	DATA 	Keypress: s
40.8095 	DATA 	Keypress: k
41.4574 	DATA 	Keypress: s
41.9586 	DATA 	Keypress: k
42.6076 	DATA 	Keypress: s
43.0414 	DATA 	Keypress: k
43.5748 	DATA 	Keypress: s
44.0555 	DATA 	Keypress: k
44.5900 	DATA 	Keypress: s
45.1564 	DATA 	Keypress: k
45.6381 	DATA 	Keypress: k
46.2211 	DATA 	Keypress: s
46.7374 	DATA 	Keypress: k
47.3231 	DATA 	Keypress: s
48.0862 	DATA 	Keypress: k
48.6843 	DATA 	Keypress: k
49.2844 	DATA 	Keypress: k
55.2220 	EXP 	map: autoDraw = False
55.2220 	EXP 	text: autoDraw = True
56.2765 	DATA 	Keypress: k
56.2875 	EXP 	text: autoDraw = False
56.6368 	EXP 	window1: mouseVisible = True
