1.5275 	WARNING 	We strongly recommend you activate the PTB sound engine in PsychoPy prefs as the preferred audio engine. Its timing is vastly superior. Your prefs are currently set to use ['sounddevice', 'PTB', 'pyo', 'pygame'] (in that order).
13.6062 	WARNING 	User requested fullscreen with size [1024  768], but screen is actually [1920, 1080]. Using actual size
15.7480 	EXP 	Created window1 = Window(allowGUI=False, allowStencil=False, args=UNKNOWN, autoLog=True, bitsMode=UNKNOWN, blendMode='avg', bpc=(8, 8, 8), color=array([0., 0., 0.]), colorSpace='rgb', depthBits=8, fullscr=<method-wrapper '__getattribute__' of attributeSetter object at 0x00000190F3FF5A58>, gamma=None, gammaErrorPolicy='raise', kwargs=UNKNOWN, lms=UNKNOWN, monitor=<psychopy.monitors.calibTools.Monitor object at 0x00000190F4406A90>, multiSample=False, name='window1', numSamples=2, pos=[0.0, 0.0], screen=0, size=array([1920, 1080]), stencilBits=0, stereo=False, units='height', useFBO=True, useRetina=False, viewOri=0.0, viewPos=None, viewScale=None, waitBlanking=True, winType='pyglet')
15.7487 	EXP 	window1: mouseVisible = True
15.7488 	EXP 	window1: recordFrameIntervals = False
15.9126 	EXP 	window1: recordFrameIntervals = True
16.0963 	EXP 	window1: recordFrameIntervals = False
16.6097 	EXP 	Created instrText = TextStim(__class__=<class 'psychopy.visual.text.TextStim'>, alignHoriz=method-wrapper(...), alignText='center', alignVert=method-wrapper(...), anchorHoriz='center', anchorVert='center', antialias=True, autoLog=True, bold=False, color='white', colorSpace='named', contrast=1.0, depth=0.0, flipHoriz=False, flipVert=False, font='Arial', fontFiles=[], height=0.03, italic=False, languageStyle='LTR', name='instrText', opacity=1.0, ori=0, pos=array([0., 0.]), rgb=array([255., 255., 255.]), text=str(...), units='height', win=Window(...), wrapWidth=1)
17.0625 	EXP 	Created map = ImageStim(__class__=<class 'psychopy.visual.image.ImageStim'>, autoLog=True, color=array([1., 1., 1.]), colorSpace='rgb', contrast=1.0, depth=0.0, flipHoriz=False, flipVert=False, image='image/RMT_test_map.jpg', interpolate=True, mask=None, maskParams=None, name='map', opacity=1.0, ori=0.0, pos=array([0., 0.]), size=array([0.75, 0.75]), texRes=128, units='height', win=Window(...))
17.0911 	EXP 	Created text = TextStim(__class__=<class 'psychopy.visual.text.TextStim'>, alignHoriz=method-wrapper(...), alignText='center', alignVert=method-wrapper(...), anchorHoriz='center', anchorVert='center', antialias=True, autoLog=True, bold=False, color='white', colorSpace='named', contrast=1.0, depth=0.0, flipHoriz=False, flipVert=False, font='Arial', fontFiles=[], height=0.1, italic=False, languageStyle='LTR', name='text', opacity=1.0, ori=0, pos=array([0., 0.]), rgb=array([255., 255., 255.]), text='Finished', units='height', win=Window(...), wrapWidth=1)
17.1339 	EXP 	instrText: autoDraw = True
18.5374 	EXP 	Imported road map conditions.xlsx as conditions, 1 conditions, 2 params
18.5379 	EXP 	Created sequence: sequential, trialTypes=1, nReps=32, seed=None
18.5386 	EXP 	New trial (rep=0, index=0): OrderedDict([('corrAns', 's'), ('directNote', 's = left')])
18.7991 	DATA 	Keypress: s
18.8078 	EXP 	instrText: autoDraw = False
18.8078 	EXP 	map: autoDraw = True
38.5566 	EXP 	New trial (rep=1, index=0): OrderedDict([('corrAns', 's'), ('directNote', 's = left')])
38.5656 	EXP 	map: autoDraw = False
38.5656 	EXP 	map: autoDraw = True
58.5694 	EXP 	New trial (rep=2, index=0): OrderedDict([('corrAns', 's'), ('directNote', 's = left')])
58.5794 	EXP 	map: autoDraw = False
58.5794 	EXP 	map: autoDraw = False
58.5794 	EXP 	map: autoDraw = True
64.4478 	DATA 	Keypress: escape
65.0355 	EXP 	window1: mouseVisible = True
