1.7328 	WARNING 	We strongly recommend you activate the PTB sound engine in PsychoPy prefs as the preferred audio engine. Its timing is vastly superior. Your prefs are currently set to use ['sounddevice', 'PTB', 'pyo', 'pygame'] (in that order).
11.2369 	WARNING 	User requested fullscreen with size [1024  768], but screen is actually [1920, 1080]. Using actual size
14.3659 	EXP 	Created window1 = Window(allowGUI=False, allowStencil=False, args=UNKNOWN, autoLog=True, bitsMode=UNKNOWN, blendMode='avg', bpc=(8, 8, 8), color=array([0., 0., 0.]), colorSpace='rgb', depthBits=8, fullscr=<method-wrapper '__getattribute__' of attributeSetter object at 0x0000026045DC5A90>, gamma=None, gammaErrorPolicy='raise', kwargs=UNKNOWN, lms=UNKNOWN, monitor=<psychopy.monitors.calibTools.Monitor object at 0x00000260461D6AC8>, multiSample=False, name='window1', numSamples=2, pos=[0.0, 0.0], screen=0, size=array([1920, 1080]), stencilBits=0, stereo=False, units='height', useFBO=True, useRetina=False, viewOri=0.0, viewPos=None, viewScale=None, waitBlanking=True, winType='pyglet')
14.3666 	EXP 	window1: mouseVisible = True
14.3667 	EXP 	window1: recordFrameIntervals = False
14.5308 	EXP 	window1: recordFrameIntervals = True
14.7143 	EXP 	window1: recordFrameIntervals = False
15.3207 	EXP 	Created instrText = TextStim(__class__=<class 'psychopy.visual.text.TextStim'>, alignHoriz=method-wrapper(...), alignText='center', alignVert=method-wrapper(...), anchorHoriz='center', anchorVert='center', antialias=True, autoLog=True, bold=False, color='white', colorSpace='named', contrast=1.0, depth=0.0, flipHoriz=False, flipVert=False, font='Arial', fontFiles=[], height=0.03, italic=False, languageStyle='LTR', name='instrText', opacity=1.0, ori=0, pos=array([0., 0.]), rgb=array([255., 255., 255.]), text=str(...), units='height', win=Window(...), wrapWidth=1)
15.7411 	EXP 	Created map = ImageStim(__class__=<class 'psychopy.visual.image.ImageStim'>, autoLog=True, color=array([1., 1., 1.]), colorSpace='rgb', contrast=1.0, depth=0.0, flipHoriz=False, flipVert=False, image='image/RMT_test_map.jpg', interpolate=True, mask=None, maskParams=None, name='map', opacity=1.0, ori=0.0, pos=array([0., 0.]), size=array([0.75, 0.75]), texRes=128, units='height', win=Window(...))
15.7688 	EXP 	Created text = TextStim(__class__=<class 'psychopy.visual.text.TextStim'>, alignHoriz=method-wrapper(...), alignText='center', alignVert=method-wrapper(...), anchorHoriz='center', anchorVert='center', antialias=True, autoLog=True, bold=False, color='white', colorSpace='named', contrast=1.0, depth=0.0, flipHoriz=False, flipVert=False, font='Arial', fontFiles=[], height=0.1, italic=False, languageStyle='LTR', name='text', opacity=1.0, ori=0, pos=array([0., 0.]), rgb=array([255., 255., 255.]), text='Finished', units='height', win=Window(...), wrapWidth=1)
15.8078 	EXP 	instrText: autoDraw = True
17.0368 	DATA 	Mouse: Left button down, pos=(962,536)
17.1726 	DATA 	Mouse:  Left button up, pos=(962,536)
18.2485 	EXP 	Imported road map conditions.xlsx as conditions, 1 conditions, 2 params
18.2493 	EXP 	Created sequence: sequential, trialTypes=1, nReps=1, seed=None
18.2502 	EXP 	New trial (rep=0, index=0): OrderedDict([('corrAns', 's'), ('directNote', 's = left')])
18.4993 	DATA 	Keypress: k
18.5081 	EXP 	instrText: autoDraw = False
18.5081 	EXP 	map: autoDraw = True
22.7561 	DATA 	Keypress: k
22.7597 	EXP 	map: autoDraw = False
22.7597 	EXP 	text: autoDraw = True
28.1927 	DATA 	Keypress: escape
28.2028 	EXP 	text: autoDraw = False
28.4772 	EXP 	window1: mouseVisible = True
